TPID120210311131028-NO
TPID120210311131028
TPID120210311112659-NO
TPID120210311112659
TPID120210311111227-NO
TPID120210311111227
2100085-NO
2100085
TAPID120210311101017-NO
TAPID120210311101017
2110820
2110820
TPID120210311093633
TPID120210311093633
TPID120210311091721
TPID120210311091721
1184786
1184786
2111923
2111923
2135734
2135734
2022783
2022783
1184785
1184785
1372273
1372273
2125989
2125989
2070940
2070940
1186341
1186341
1184784
1184784
2110822
2110822
2143549
2143549
TAPID120210310170053
TAPID120210310170053
2051017
2051017
2107051
2107051
2166590
2166590
2166588
2166588
2166589
2166589
2047365
2047365
TAPID120210310163742
TAPID120210310163742
2052143
2052143
2166592
2166592
2044255
2044255
2069491
2069491
1341483
1341483
1190651
1190651
1339447
1339447
2068772
2068772
TPID120210310155132
TPID120210310155132
2168806
2168806
TPID120210310155048
TPID120210310155048
TPID120210310154137
TPID120210310154137
2097409
2097409
2097426
2097426
1332011
1332011
2039776
2039776
2134321
2134321
TPID120210310151841
TPID120210310151841
1300919
1300919
1300921
1300921
TPID120210310142433
TPID120210310142433
1185239
1185239
TPID120210310141706
TPID120210310141706
2155872
2155872
2146010
2146010
TPID120210310140103
TPID120210310140103
1237056
1237056
TPID120210310135725
TPID120210310135725
TPID120210310135108
TPID120210310135108
TPID120210310134603
TPID120210310134603
2175608
2175608
2167661
2167661
1334411
1334411
1367830
1367830
2067140
2067140
TPID120210310132456
TPID120210310132456
TPID120210310131757
TPID120210310131757
2129190
2129190
2068753
2068753
2068755
2068755
TPID120210310130835
TPID120210310130835
2011931
2011931
2172737
2172737
TPID120210310130347
TPID120210310130347
2172737
2172737
2013060
2013060
2116386
2116386
TPID120210310125204
TPID120210310125204
2006043
2006043
TPID120210310124617
TPID120210310124617
2099194
2099194
2175316
2175316
2046113
2046113
TPID120210310123720
TPID120210310123720
2075632
2075632
TPID120210310123011
TPID120210310123011
2175315
2175315
TPID120210310122702
TPID120210310122702
TPID120210310122623
TPID120210310122623
TPID120210310122258
TPID120210310122258
TPID120210310121639
TPID120210310121639
1367646
1367646
1343181
1343181
TPID120210310120908
TPID120210310120908
TPID120210310120838
TPID120210310120838
2129576
2129576
2108854
2108854
TPID120210310120128
TPID120210310120128
TPID120210310120106
TPID120210310120106
TPID120210310115706
TPID120210310115706
1289830
1289830
2008943
2008943
2046555
2046555
TPID120210310114432
TPID120210310114432
1261086
1261086
2076476
2076476
TPID120210310113829
TPID120210310113829
1276709
1276709
TPID120210310113538
TPID120210310113538
2130222
2130222
1372965
1372965
2162509
2162509
TPID120210310112534
TPID120210310112534
TPID120210310112449
TPID120210310112449
TPID120210310111913
TPID120210310111913
2159303
2159303
TPID120210310111631
TPID120210310111631
TPID120210310111055
TPID120210310111055
TPID120210310110717
TPID120210310110717
TPID120210310110510
TPID120210310110510
2098635
2098635
2067580
2067580
2144642
2144642
TPID120210310110159
TPID120210310110159
TPID120210310105607
TPID120210310105607
2173991
2173991
TPID120210310104618
TPID120210310104618
TPID120210310104507
TPID120210310104507
TPID120210310104206
TPID120210310104206
TPID120210310104114
TPID120210310104114
2060671
2060671
1376907
1376907
1376905
1376905
TPID120210310102754
TPID120210310102754
2072741
2072741
TPID120210310102601
TPID120210310102601
2040697
2040697
TPID120210310102118
TPID120210310102118
TPID120210310102012
TPID120210310102012
2081272
2081272
TPID120210310100732
TPID120210310100732
2083887
2083887
2036512
2036512
2103569
2103569
1192650
1192650
TPID120210310095249
TPID120210310095249
2164994
2164994
2136031
2136031
1367428
1367428
1189049
1189049
2134123
2134123
1189676
1189676
2063203
2063203
2136968
2136968
1191991
1191991
TPID120210309163604
TPID120210309163604
TPID120210309163442
TPID120210309163442
TPID120210309163236
TPID120210309163236
TPID120210309163200
TPID120210309163200
TPID120210309162712
TPID120210309162712
TPID120210309162326
TPID120210309162326
1373200
1373200
TPID120210309162202
TPID120210309162202
TPID120210309161846
TPID120210309161846
2067154
2067154
TPID120210309161448
TPID120210309161448
2016815
2016815
TPID120210309161149
TPID120210309161149
TPID120210309160923
TPID120210309160923
1192370
1192370
2134324
2134324
2138399
2138399
TPID120210309160628
TPID120210309160628
TPID120210309160337
TPID120210309160337
TPID120210309160222
TPID120210309160222
TPID120210309160019
TPID120210309160019
TPID120210309155928
TPID120210309155928
2094595
2094595
TPID120210309155351
TPID120210309155351
TPID120210309155343
TPID120210309155343
TPID120210309155111
TPID120210309155111
TPID120210309155055
TPID120210309155055
TPID120210309155015
TPID120210309155015
TPID120210309154802
TPID120210309154802
2044253
2044253
2033097
2033097
TPID120210309154210
TPID120210309154210
2115440
2115440
TPID120210309153705
TPID120210309153705
TPID120210309153325
TPID120210309153325
TPID120210309153311
TPID120210309153311
2062869
2062869
TPID120210309152949
TPID120210309152949
TPID120210309152629
TPID120210309152629
TPID120210309152500
TPID120210309152500
TPID120210309152424
TPID120210309152424
2030812
2030812
TPID120210309151837
TPID120210309151837
TPID120210309151458
TPID120210309151458
TPID120210309151151
TPID120210309151151
TPID120210309141826
TPID120210309141826
TPID120210309141505
TPID120210309141505
TPID120210309140953
TPID120210309140953
TPID120210309140050
TPID120210309140050
1375482
1375482
2020677
2020677
TPID120210309133851
TPID120210309133851
2149708
2149708
1260615
1260615
TPID120210309132333
TPID120210309132333
2091344
2091344
TPID120210309131912
TPID120210309131912
TPID120210309131550
TPID120210309131550
TPID120210309131528
TPID120210309131528
2170936
2170936
2044343
2044343
TPID120210309130047
TPID120210309130047
1373555
1373555
TPID120210309125622
TPID120210309125622
TPID120210309125156
TPID120210309125156
2060433
2060433
2009491
2009491
TAPID120210309124146
TAPID120210309124146
TPID120210309123959
TPID120210309123959
TPID120210309123752
TPID120210309123752
2052118
2052118
1185040
1185040
TAPID120210309122358
TAPID120210309122358
2141591
2141591
TPID120210309122211
TPID120210309122211
TPID120210309122051
TPID120210309122051
2171125
2171125
TPID120210309121447
TPID120210309121447
TAPID120210309121442
TAPID120210309121442
2009797
2009797
2169919
2169919
TPID120210309120826
TPID120210309120826
TAPID120210309120730
TAPID120210309120730
2055309
2055309
TPID120210309115924
TPID120210309115924
1366539
1366539
2162239
2162239
TPID120210309115410
TPID120210309115410
1189348
1189348
2149046
2149046
TPID120210309114946
TPID120210309114946
2023671
2023671
TPID120210309114546
TPID120210309114546
1189351
1189351
1366323
1366323
1189361
1189361
TPID120210309113334
TPID120210309113334
TAPID120210309113327
TAPID120210309113327
2035585
2035585
TPID120210309112849
TPID120210309112849
2027446
2027446
TPID120210309112055
TPID120210309112055
2014904
2014904
TPID120210309111851
TPID120210309111851
TPID120210309111526
TPID120210309111526
TPID120210309111253
TPID120210309111253
2094451
2094451
TPID120210309111116
TPID120210309111116
TPID120210309111032
TPID120210309111032
TPID120210309110802
TPID120210309110802
1184855
1184855
TPID120210309110007
TPID120210309110007
2075860
2075860
2152619
2152619
2149917
2149917
1377202
1377202
2142179
2142179
1234592
1234592
TPID120210309104102
TPID120210309104102
2126966
2126966
TPID120210309103416
TPID120210309103416
TPID120210309103405
TPID120210309103405
1380015
1380015
TPID120210309103345
TPID120210309103345
2151582
2151582
TPID120210309102930
TPID120210309102930
TPID120210309102657
TPID120210309102657
TPID120210309102618
TPID120210309102618
TPID120210309102153
TPID120210309102153
TPID120210309101725
TPID120210309101725
TPID120210309101602
TPID120210309101602
1184958
1184958
TPID120210309101423
TPID120210309101423
1189367
1189367
TPID120210309101022
TPID120210309101022
1184965
1184965
TPID120210309100351
TPID120210309100351
TPID120210309095935
TPID120210309095935
TPID120210309095717
TPID120210309095717
2052762
2052762
2013292
2013292
TPID120210309095009
TPID120210309095009
TPID120210309094727
TPID120210309094727
1186756
1186756
1186621
1186621
1191897
1191897
TPID120210308175653
TPID120210308175653
1368532
1368532
2124836
2124836
2126358
2126358
2154721
2154721
TPID120210308173137
TPID120210308173137
2022506
2022506
TPID120210308172814
TPID120210308172814
2096913
2096913
2093024
2093024
TPID120210308172127
TPID120210308172127
TPID120210308171947
TPID120210308171947
TPID120210308171701
TPID120210308171701
TPID120210308171046
TPID120210308171046
2135736
2135736
1185232
1185232
TPID120210308170359
TPID120210308170359
TPID120210308170333
TPID120210308170333
TPID120210308165958
TPID120210308165958
1338326
1338326
1343829
1343829
1249979
1249979
2025465
2025465
1368709
1368709
2066162
2066162
2025467
2025467
TPID120210308164537
TPID120210308164537
2151096
2151096
TPID120210308163912
TPID120210308163912
TPID120210308163805
TPID120210308163805
2089327
2089327
TPID120210308163552
TPID120210308163552
TPID120210308163457
TPID120210308163457
2002169
2002169
1236114
1236114
TPID120210308162931
TPID120210308162931
TPID120210308162600
TPID120210308162600
TPID120210308162426
TPID120210308162426
1186840
1186840
TPID120210308161950
TPID120210308161950
TPID120210308161748
TPID120210308161748
TPID120210308161710
TPID120210308161710
TPID120210308161652
TPID120210308161652
1186881
1186881
TPID120210308161433
TPID120210308161433
TPID120210308161252
TPID120210308161252
TPID120210308161046
TPID120210308161046
1378122
1378122
2137465
2137465
1382054
1382054
1186880
1186880
TPID120210308155245
TPID120210308155245
TPID120210308155140
TPID120210308155140
2049190
2049190
2014688
2014688
TPID120210308154722
TPID120210308154722
2149707
2149707
TPID120210308154127
TPID120210308154127
2149703
2149703
TPID120210308153000
TPID120210308153000
2153888
2153888
2042514
2042514
2102015
2102015
1380013
1380013
TPID120210308143838
TPID120210308143838
2151878
2151878
2088228
2088228
TPID120210308142459
TPID120210308142459
1301034
1301034
TPID120210308141956
TPID120210308141956
1369873
1369873
W24000R20210308140330
W24000R20210308140330
2078214
2078214
2166685
2166685
TPID120210308140209
TPID120210308140209
1369874
1369874
TPID120210308135523
TPID120210308135523
2166684
2166684
TPID120210308135147
TPID120210308135147
TPID120210308133938
TPID120210308133938
TPID120210308133911
TPID120210308133911
1236323
1236323
TPID120210308133640
TPID120210308133640
TPID120210308133324
TPID120210308133324
TPID120210308133306
TPID120210308133306
2048910
2048910
1296117
1296117
2065809
2065809
TPID120210308132617
TPID120210308132617
2129519
2129519
2065796
2065796
2148327
2148327
TPID120210308131549
TPID120210308131549
2100141
2100141
2064767
2064767
TPID120210308130538
TPID120210308130538
1385903
1385903
2044032
2044032
2021718
2021718
TPID120210308125902
TPID120210308125902
TPID120210308125714
TPID120210308125714
TPID120210308125653
TPID120210308125653
2138409
2138409
2064780
2064780
2138410
2138410
TPID120210308124734
TPID120210308124734
TPID120210308124534
TPID120210308124534
TPID120210308124059
TPID120210308124059
TPID120210308123833
TPID120210308123833
TPID120210308123832
TPID120210308123832
TPID120210308123311
TPID120210308123311
TPID120210308122656
TPID120210308122656
TPID120210308122346
TPID120210308122346
2084972
2084972
TPID120210308121923
TPID120210308121923
1187125
1187125
TPID120210308121332
TPID120210308121332
TPID120210308121332
TPID120210308121332
TPID120210308121151
TPID120210308121151
1385862
1385862
2071958
2071958
1192046
1192046
TPID120210308120002
TPID120210308120002
1293134
1293134
TPID120210308115208
TPID120210308115208
2084433
2084433
TPID120210308114733
TPID120210308114733
TPID120210308114104
TPID120210308114104
TPID120210308113925
TPID120210308113925
2066034
2066034
TPID120210308113723
TPID120210308113723
2155521
2155521
2144223
2144223
TPID120210308113304
TPID120210308113304
TPID120210308113219
TPID120210308113219
TPID120210308112906
TPID120210308112906
TPID120210308112833
TPID120210308112833
TAPID120210308112757
TAPID120210308112757
TPID120210308112506
TPID120210308112506
TPID120210308112353
TPID120210308112353
TPID120210308112344
TPID120210308112344
1372884
1372884
2030984
2030984
TPID120210308111814
TPID120210308111814
TPID120210308111809
TPID120210308111809
2057003
2057003
2029519
2029519
TPID120210308110830
TPID120210308110830
1186773
1186773
TPID120210308110503
TPID120210308110503
TPID120210308110501
TPID120210308110501
TPID120210308110155
TPID120210308110155
2056968
2056968
TPID120210308105728
TPID120210308105728
TPID120210308105650
TPID120210308105650
TPID120210308105328
TPID120210308105328
2153643
2153643
TPID120210308105040
TPID120210308105040
2022938
2022938
TPID120210308104626
TPID120210308104626
TPID120210308104203
TPID120210308104203
TPID120210308104129
TPID120210308104129
TPID120210308104114
TPID120210308104114
2063204
2063204
TPID120210308102851
TPID120210308102851
TPID120210308102743
TPID120210308102743
TPID120210308102506
TPID120210308102506
TPID120210308102056
TPID120210308102056
TPID120210308101833
TPID120210308101833
1186496
1186496
2125922
2125922
TPID120210308101210
TPID120210308101210
TPID120210308101134
TPID120210308101134
TPID120210308100849
TPID120210308100849
1189450
1189450
2152132
2152132
1385396
1385396
1370737
1370737
TPID120210308100143
TPID120210308100143
1401468
1401468
TPID120210308095944
TPID120210308095944
2067618
2067618
2025847
2025847
2133361
2133361
TPID120210308094959
TPID120210308094959
2072587
2072587
TPID120210308094721
TPID120210308094721
2074776
2074776
TPID120210308094319
TPID120210308094319
2074746
2074746
TPID120210308093658
TPID120210308093658
1368548
1368548
TPID120210306180806
TPID120210306180806
TPID120210306180214
TPID120210306180214
1186391
1186391
TPID120210306175138
TPID120210306175138
2076672
2076672
TPID120210306174124
TPID120210306174124
TPID120210306174113
TPID120210306174113
TPID120210306173714
TPID120210306173714
TPID120210306173329
TPID120210306173329
1297405
1297405
TPID120210306172256
TPID120210306172256
2137169
2137169
2110851
2110851
2042092
2042092
TPID120210306171320
TPID120210306171320
2052732
2052732
2048292
2048292
TPID120210306170924
TPID120210306170924
TPID120210306170721
TPID120210306170721
TPID120210306170434
TPID120210306170434
TPID120210306170251
TPID120210306170251
TPID120210306165809
TPID120210306165809
TPID120210306165801
TPID120210306165801
TPID120210306165036
TPID120210306165036
1236563
1236563
2103023
2103023
TPID120210306164728
TPID120210306164728
2048017
2048017
2082889
2082889
TPID120210306163759
TPID120210306163759
TPID120210306163521
TPID120210306163521
TPID120210306163421
TPID120210306163421
1184998
1184998
1341534
1341534
2064040
2064040
TPID120210306162428
TPID120210306162428
1290794
1290794
2174240
2174240
TPID120210306162144
TPID120210306162144
2172968
2172968
2159301
2159301
1396243
1396243
TPID120210306161409
TPID120210306161409
W24000R20210306160327
W24000R20210306160327
2102662
2102662
2102725
2102725
1379265
1379265
TPID120210306160245
TPID120210306160245
1185303
1185303
TPID120210306160022
TPID120210306160022
2101393
2101393
2092442
2092442
2064390
2064390
2064051
2064051
2127174
2127174
2039910
2039910
TPID120210306155058
TPID120210306155058
TPID120210306154923
TPID120210306154923
TPID120210306154359
TPID120210306154359
TPID120210306154234
TPID120210306154234
TPID120210306153758
TPID120210306153758
2159206
2159206
2107778
2107778
TPID120210306153349
TPID120210306153349
TPID120210306153009
TPID120210306153009
2014295
2014295
TPID120210306152645
TPID120210306152645
TPID120210306152616
TPID120210306152616
TPID120210306152612
TPID120210306152612
2014393
2014393
TPID120210306152121
TPID120210306152121
2082210
2082210
1262853
1262853
TPID120210306151640
TPID120210306151640
TPID120210306151330
TPID120210306151330
2057550
2057550
TPID120210306151049
TPID120210306151049
2107846
2107846
1237302
1237302
TPID120210306145903
TPID120210306145903
1331520
1331520
2102640
2102640
2115426
2115426
2102637
2102637
TPID120210306144553
TPID120210306144553
TAPID120210306141511-NO
TAPID120210306141511
2171948
2171948
2102592
2102592
TPID120210306140124
TPID120210306140124
TPID120210306135817
TPID120210306135817
TPID120210306135512
TPID120210306135512
TPID120210306135143
TPID120210306135143
TPID120210306134820
TPID120210306134820
1249916
1249916
TPID120210306134033
TPID120210306134033
2169745
2169745
2150132
2150132
TAPID120210306133325
TAPID120210306133325
2077717
2077717
1249913
1249913
2137966
2137966
TPID120210306132154
TPID120210306132154
1292841
1292841
2165170
2165170
2035111
2035111
2035141
2035141
2076475
2076475
TAPID120210306131136
TAPID120210306131136
2032249
2032249
2149050
2149050
1382094
1382094
TAPID120210306130609
TAPID120210306130609
1189968
1189968
2018003
2018003
TAPID120210306125516
TAPID120210306125516
2005074
2005074
2018720
2018720
2111912
2111912
2070590
2070590
2123504
2123504
2070740
2070740
1368777
1368777
2056588
2056588
1190144
1190144
1372638
1372638
2112299
2112299
2126699
2126699
2112285
2112285
2161572
2161572
2161811
2161811
2047975
2047975
2112301
2112301
2014980
2014980
2139554
2139554
2067582
2067582
2014525
2014525
2066926
2066926
2066929
2066929
2115563
2115563
TPID120210306120048
TPID120210306120048
2159095
2159095
TPID120210306115724
TPID120210306115724
1385958
1385958
TPID120210306115104
TPID120210306115104
TAPID120210306114943
TAPID120210306114943
TPID120210306114636
TPID120210306114636
2103831
2103831
2007160
2007160
2000320
2000320
2024481
2024481
1190352
1190352
2083531
2083531
2083514
2083514
TPID120210306113224
TPID120210306113224
TPID120210306113000
TPID120210306113000
TPID120210306112946
TPID120210306112946
2029085
2029085
2083728
2083728
2092807
2092807
2053389
2053389
2028553
2028553
1368147
1368147
1397646
1397646
2001374
2001374
TAPID120210306110016
TAPID120210306110016
2085291
2085291
2061278
2061278
1260189
1260189
TPID120210306105229
TPID120210306105229
2021720
2021720
TPID120210306104830
TPID120210306104830
TPID120210306104731
TPID120210306104731
2061263
2061263
1400601
1400601
2061250
2061250
TPID120210306104025
TPID120210306104025
2014872
2014872
2005050
2005050
TPID120210306103551
TPID120210306103551
TPID120210306103409
TPID120210306103409
2094248
2094248
TPID120210306103350
TPID120210306103350
2092566
2092566
2013686
2013686
2139063
2139063
TPID120210306102302
TPID120210306102302
2013772
2013772
TPID120210306101856
TPID120210306101856
TPID120210306101839
TPID120210306101839
1367699
1367699
TPID120210306101305
TPID120210306101305
2142860
2142860
2068605
2068605
2091986
2091986
2066271
2066271
TPID120210306100332
TPID120210306100332
2028420
2028420
1335366
1335366
2012488
2012488
2125582
2125582
2113549
2113549
1334504
1334504
TPID120210306093103
TPID120210306093103
2103909
2103909
2101009
2101009
2087824
2087824
2077147
2077147
2035600
2035600
2112070
2112070
2042418
2042418
TPID120210305173327
TPID120210305173327
2064650
2064650
2001455
2001455
2004097
2004097
W24000R20210305171832
W24000R20210305171832
1233781
1233781
TAPID120210305171801
TAPID120210305171801
W24000R20210305171124
W24000R20210305171124
TAPID120210305171344
TAPID120210305171344
TPID120210305171149
TPID120210305171149
2111978
2111978
2001292
2001292
2001166
2001166
TPID120210305165852
TPID120210305165852
TPID120210305165724
TPID120210305165724
2158047
2158047
2030856
2030856
2003565
2003565
TPID120210305165055
TPID120210305165055
TPID120210305164744
TPID120210305164744
TPID120210305164735
TPID120210305164735
1260789
1260789
TPID120210305164448
TPID120210305164448
TAPID120210305164440
TAPID120210305164440
TAPID120210305163532
TAPID120210305163532
2110619
2110619
TPID120210305163405
TPID120210305163405
TAPID120210305163225
TAPID120210305163225
2048808
2048808
TAPID120210305162855
TAPID120210305162855
2102655
2102655
2110621
2110621
TPID120210305162427
TPID120210305162427
TAPID120210305162302
TAPID120210305162302
2084473
2084473
TAPID120210305161820
TAPID120210305161820
TPID120210305161758
TPID120210305161758
TPID120210305161231
TPID120210305161231
2061139
2061139
TAPID120210305161032-NO
TAPID120210305161032
2100046
2100046
TPID120210305160628
TPID120210305160628
2097705
2097705
TPID120210305160139
TPID120210305160139
TAPID120210305160007
TAPID120210305160007
1290820
1290820
2164964
2164964
2057164
2057164
2079029
2079029
2003269
2003269
2136232
2136232
1340482
1340482
2014307
2014307
TAPID120210305153745
TAPID120210305153745
TPID120210305153520
TPID120210305153520
1292181
1292181
1339511
1339511
2093523
2093523
TAPID120210305152544
TAPID120210305152544
2051163
2051163
TPID120210305151815
TPID120210305151815
2061300
2061300
2115945
2115945
2131958
2131958
TAPID120210305151405
TAPID120210305151405
2134327
2134327
2042084
2042084
1343270
1343270
2042076-NO
2042076
TPID120210305145804
TPID120210305145804
1375547
1375547
1193297
1193297
2102684
2102684
TPID120210305144516
TPID120210305144516
TPID120210305144149
TPID120210305144149
TPID120210305143719
TPID120210305143719
2026455
2026455
TPID120210305143421
TPID120210305143421
TPID120210305142725
TPID120210305142725
TAPID120210305142719
TAPID120210305142719
1379479
1379479
2145208
2145208
TAPID120210305141725
TAPID120210305141725
TPID120210305141406
TPID120210305141406
TPID120210305141216
TPID120210305141216
2060898
2060898
TAPID120210305140627
TAPID120210305140627
1366997
1366997
2014030
2014030
2084871
2084871
TAPID120210305133653
TAPID120210305133653
2100723
2100723
2110971
2110971
2116225
2116225
2081278
2081278
2085923
2085923
2116528
2116528
TAPID120210305125703
TAPID120210305125703
2167160
2167160
2167228
2167228
2167231
2167231
1370974
1370974
1384734
1384734
2167149
2167149
TPID120210305124237
TPID120210305124237
2161637
2161637
1370973
1370973
2167223
2167223
TPID120210305123142
TPID120210305123142
1366025
1366025
TPID120210305122211
TPID120210305122211
2050521
2050521
TAPID120210305121639
TAPID120210305121639
TAPID120210305121502
TAPID120210305121502
TPID120210305121506
TPID120210305121506
2131247
2131247
2138118
2138118
1364516
1364516
2065802
2065802
2111868
2111868
2071425
2071425
TAPID120210305120311
TAPID120210305120311
2026764
2026764
2060890
2060890
TAPID120210305115032
TAPID120210305115032
2106096
2106096
1385532
1385532
2068037
2068037
2021721
2021721
TPID120210305114241
TPID120210305114241
2085159
2085159
2043852
2043852
2113501
2113501
2032432
2032432
2079229
2079229
1293321
1293321
TPID120210305112938
TPID120210305112938
TPID120210305112924
TPID120210305112924
2110165
2110165
TAPID120210305112716
TAPID120210305112716
2085186
2085186
TAPID120210305111929
TAPID120210305111929
TPID120210305111741
TPID120210305111741
1367443
1367443
2057262
2057262
2172396
2172396
2067031
2067031
TPID120210305110510
TPID120210305110510
2057577
2057577
TPID120210305110256
TPID120210305110256
2106173
2106173
TPID120210305105903
TPID120210305105903
2106186
2106186
2053499
2053499
2106247
2106247
TAPID120210305105044
TAPID120210305105044
TPID120210305105042
TPID120210305105042
1369425
1369425
2158270
2158270
2046365
2046365
2015811
2015811
2050480
2050480
2011912
2011912
2042074
2042074
TPID120210305103508
TPID120210305103508
1367917
1367917
TPID120210305102957
TPID120210305102957
1369743
1369743
2093007
2093007
TPID120210305102554
TPID120210305102554
2126267
2126267
2172256
2172256
2049697
2049697
TPID120210305101910
TPID120210305101910
TAPID120210305101458
TAPID120210305101458
2024764
2024764
1376649
1376649
2054960
2054960
2058003
2058003
1263420
1263420
2116649
2116649
2106228
2106228
TPID120210305100012
TPID120210305100012
2175210
2175210
2093904
2093904
2106458
2106458
2126474
2126474
2057802
2057802
1192350
1192350
2106235
2106235
2117390
2117390
TPID120210305094734
TPID120210305094734
2107671
2107671
2025131
2025131
2057501
2057501
1191328
1191328
1263348
1263348
TPID120210305093201
TPID120210305093201
TPID120210305093141
TPID120210305093141
2094249
2094249
2079920
2079920
2106794
2106794
2104296
2104296
2028871
2028871
2032227
2032227
2002244
2002244
TAPID120210304181258
TAPID120210304181258
2164265
2164265
1300292
1300292
2023567
2023567
TPID120210304173706
TPID120210304173706
TAPID120210304173521
TAPID120210304173521
TAPID120210304173118
TAPID120210304173118
1193349
1193349
2091983
2091983
TAPID120210304172541
TAPID120210304172541
TPID120210304172316
TPID120210304172316
1237705
1237705
2010591
2010591
TPID120210304171244
TPID120210304171244
1237704
1237704
TPID120210304171142
TPID120210304171142
2069723
2069723
TPID120210304170654
TPID120210304170654
2081280
2081280
2148432
2148432
TPID120210304170030
TPID120210304170030
TPID120210304165412
TPID120210304165412
TPID120210304165303
TPID120210304165303
1368620
1368620
TPID120210304165057
TPID120210304165057
2123591
2123591
1365547
1365547
TPID120210304164136
TPID120210304164136
1191514
1191514
2158221
2158221
TAPID120210304163700
TAPID120210304163700
TPID120210304163422
TPID120210304163422
1186626
1186626
2161943
2161943
TPID120210304162631
TPID120210304162631
TPID120210304162344
TPID120210304162344
TPID120210304162157
TPID120210304162157
TPID120210304161350
TPID120210304161350
TPID120210304161318
TPID120210304161318
2147782
2147782
TPID120210304161014
TPID120210304161014
2026952
2026952
2008504
2008504
2008455
2008455
TPID120210304160010
TPID120210304160010
TPID120210304155911
TPID120210304155911
2028909
2028909
TPID120210304155636
TPID120210304155636
2057967
2057967
2087265
2087265
TPID120210304154756
TPID120210304154756
TAPID120210304154429
TAPID120210304154429
TPID120210304154123
TPID120210304154123
2025222
2025222
1396237
1396237
2116583
2116583
2071874
2071874
TPID120210304152533
TPID120210304152533
TPID120210304152235
TPID120210304152235
2091238
2091238
1260312
1260312
2071444
2071444
2025429
2025429
TPID120210304151430
TPID120210304151430
TPID120210304150952
TPID120210304150952
TPID120210304150948
TPID120210304150948
2050652
2050652
TAPID120210304150401
TAPID120210304150401
2110935
2110935
1187163
1187163
2025224
2025224
2128366
2128366
1187250
1187250
2097724
2097724
2169196
2169196
2136628
2136628
2145939
2145939
TAPID120210304142346
TAPID120210304142346
2146251
2146251
2067636
2067636
1383792
1383792
TPID120210304135823
TPID120210304135823
2162499
2162499
TPID120210304134908
TPID120210304134908
TPID120210304134233
TPID120210304134233
1401277
1401277
TAPID120210304133124
TAPID120210304133124
TAPID120210304132254
TAPID120210304132254
1367971
1367971
1370519
1370519
1385502
1385502
2110964
2110964
2116707
2116707
TPID120210304125441
TPID120210304125441
2113190
2113190
2089110
2089110
TAPID120210304124607
TAPID120210304124607
2130080
2130080
2042452
2042452
2112605
2112605
2013786
2013786
2112608
2112608
TAPID120210304122434-NO
TAPID120210304122434
2142296
2142296
TPID120210304121429
TPID120210304121429
2113969
2113969
TAPID120210304120901
TAPID120210304120901
TPID120210304120010
TPID120210304120010
2103771
2103771
1399345
1399345
TPID120210304115032
TPID120210304115032
2018100
2018100
TAPID120210304114849
TAPID120210304114849
2102204
2102204
2155092
2155092
TAPID120210304114128
TAPID120210304114128
TAPID120210304113646
TAPID120210304113646
2038215
2038215
2038204
2038204
TPID120210304112937
TPID120210304112937
TPID120210304112616
TPID120210304112616
2081664
2081664
TAPID120210304111920
TAPID120210304111920
TPID120210304111508
TPID120210304111508
2112447
2112447
TPID120210304110910
TPID120210304110910
2081567
2081567
2112457
2112457
2150425
2150425
2047336
2047336
2006436
2006436
2084668
2084668
2143197
2143197
TPID120210304103821
TPID120210304103821
1380099
1380099
TPID120210304103437
TPID120210304103437
2089935
2089935
2019142
2019142
2110380
2110380
2058928
2058928
2088194
2088194
2048421
2048421
TAPID120210304100804
TAPID120210304100804
2038886
2038886
2141926
2141926
2128130
2128130
1190032
1190032
2068403
2068403
1190230
1190230
2087426
2087426
1261080
1261080
2074978
2074978
2106787
2106787
2003781
2003781
TAPID120210304093122
TAPID120210304093122
2030105
2030105
